phase1/assign_test1.rc
phase1/assign_test2.rc
phase1/assign_test3.rc
phase1/assign_test4.rc
phase1/assign_test5.rc
phase1/basic_arithmetic_test1.rc
phase1/basic_arithmetic_test2.rc
phase1/basic_arithmetic_test3.rc
phase1/basic_arithmetic_test4.rc
phase1/comparison_test1.rc
phase1/comparison_test2.rc
phase1/comparison_test3.rc
phase1/comparison_test4.rc
phase1/cout_chain_test1.rc
phase1/cout_test1.rc
phase1/cout_test2.rc
phase1/cout_test3.rc
phase1/func_test1.rc
phase1/func_test2.rc
phase1/global_local_test.rc
phase1/global_test1.rc
phase1/if_conditional_test1.rc
phase1/if_conditional_test2.rc
phase1/if_conditional_test3.rc
phase1/incdec_test1.rc
phase1/large_example_test.rc
phase1/mike_cout.rc
phase1/post_incdec_test1.rc
phase1/pre_incdec_test1.rc
